<?xml version="1.0" encoding="UTF-8"?>
<testsuite name="com.example.project.GameNumberTest" tests="1" skipped="0" failures="0" errors="0" timestamp="2022-01-24T08:35:17" hostname="xuelindeMacBook-Pro.local" time="0.007">
  <properties/>
  <testcase name="should_create_game_object_with_given_size()" classname="com.example.project.GameNumberTest" time="0.007"/>
  <system-out><![CDATA[]]></system-out>
  <system-err><![CDATA[]]></system-err>
</testsuite>
