<?xml version="1.0" encoding="UTF-8"?>
<testsuite name="com.example.project.GameNumberTest" tests="5" skipped="0" failures="0" errors="0" timestamp="2022-01-24T08:41:01" hostname="xuelindeMacBook-Pro.local" time="0.011">
  <properties/>
  <testcase name="should_say_1_when_raw_number_is_1()" classname="com.example.project.GameNumberTest" time="0.008"/>
  <testcase name="should_say_15_when_raw_number_is_FizzBuzz()" classname="com.example.project.GameNumberTest" time="0.001"/>
  <testcase name="should_create_game_object_with_given_size()" classname="com.example.project.GameNumberTest" time="0.001"/>
  <testcase name="should_say_3_when_raw_number_is_Fizz()" classname="com.example.project.GameNumberTest" time="0.0"/>
  <testcase name="should_say_5_when_raw_number_is_Buzz()" classname="com.example.project.GameNumberTest" time="0.001"/>
  <system-out><![CDATA[]]></system-out>
  <system-err><![CDATA[]]></system-err>
</testsuite>
